<?xml version="1.0" encoding="UTF-8"?>
<!-- Generated by org.testng.reporters.JUnitXMLReporter -->
<testsuite ignored="2" hostname="DESKTOP-4C1PAFP" failures="0" tests="1" name="Default test" time="0.041" errors="0" timestamp="2026-02-15T06:28:12 IST">
  <testcase classname="com.amazon.api.baseAPITest" name="getAndValidate" time="0.011"/>
  <testcase classname="com.amazon.api.baseAPITest" name="CreateAndWrite" time="0.0">
    <ignored/>
  </testcase> <!-- CreateAndWrite -->
  <testcase classname="com.amazon.api.baseAPITest" name="getMethod" time="0.0">
    <ignored/>
  </testcase> <!-- getMethod -->
</testsuite> <!-- Default test -->
