<?xml version="1.0" encoding="UTF-8"?>
<!-- Generated by org.testng.reporters.JUnitXMLReporter -->
<testsuite ignored="1" hostname="DESKTOP-4C1PAFP" failures="0" tests="3" name="Parameters" time="47.242" errors="0" timestamp="2026-02-10T13:29:47 IST">
  <testcase classname="com.common.Tests.Parametes" name="DataProviderTest" time="0.008"/>
  <testcase classname="com.common.Tests.Parametes" name="DataProviderTest" time="0.0"/>
  <testcase classname="com.common.Tests.Parametes" name="addTest" time="0.003"/>
  <testcase classname="com.common.Tests.Parametes" name="addTest" time="0.0">
    <ignored/>
  </testcase> <!-- addTest -->
</testsuite> <!-- Parameters -->
