<?xml version="1.0" encoding="UTF-8"?>
<testng-results ignored="2" total="3" passed="1" failed="0" skipped="0">
  <reporter-output>
  </reporter-output>
  <suite started-at="2026-02-15T06:28:12 IST" name="Default suite" finished-at="2026-02-15T06:28:12 IST" duration-ms="41">
    <groups>
    </groups>
    <test started-at="2026-02-15T06:28:12 IST" name="Default test" finished-at="2026-02-15T06:28:12 IST" duration-ms="41">
      <class name="com.amazon.api.baseAPITest">
        <test-method signature="getAndValidate()[pri:0, instance:com.amazon.api.baseAPITest@536dbea0]" started-at="2026-02-15T06:28:12 IST" name="getAndValidate" finished-at="2026-02-15T06:28:12 IST" duration-ms="11" status="PASS">
          <reporter-output>
          </reporter-output>
        </test-method> <!-- getAndValidate -->
      </class> <!-- com.amazon.api.baseAPITest -->
    </test> <!-- Default test -->
  </suite> <!-- Default suite -->
</testng-results>
