<?xml version="1.0" encoding="UTF-8"?>
<!-- Generated by org.testng.reporters.JUnitReportReporter -->
<testsuite hostname="DESKTOP-4C1PAFP" failures="0" tests="4" name="com.common.Tests.Parametes" time="0.032" errors="0" timestamp="2026-02-10T15:15:35 IST" skipped="0">
  <testcase classname="com.common.Tests.Parametes" name="DataProviderTest" time="0.000"/>
  <testcase classname="com.common.Tests.Parametes" name="DataProviderTest" time="0.016"/>
  <testcase classname="com.common.Tests.Parametes" name="addTest" time="0.016"/>
  <testcase classname="com.common.Tests.Parametes" name="addTest" time="0.000"/>
</testsuite> <!-- com.common.Tests.Parametes -->
